[0.024s] Invoking command in '/home/jakob/ros2/khi_jdh/src/khi2cpp_hw/build/khi2cpp_hw': CMAKE_PREFIX_PATH=${CMAKE_PREFIX_PATH}:/home/jakob/ros2/khi_jdh/install/khi2py:/home/jakob/ros2_ws/install/rqt_joint_trajectory_controller:/home/jakob/ros2_ws/install/rqt_controller_manager:/home/jakob/ros2_ws/install/ros2controlcli:/home/jakob/ros2_ws/install/ros2_controllers_test_nodes:/home/jakob/ros2_ws/install/ros2_control_demo_testing:/opt/ros/humble /usr/bin/cmake --build /home/jakob/ros2/khi_jdh/src/khi2cpp_hw/build/khi2cpp_hw -- -j4 -l4
[0.104s] -- Found controller_manager: 2.43.1 (/home/jakob/ros2_ws/install/controller_manager/share/controller_manager/cmake)
[0.430s] -- Found rosidl_generator_c: 3.1.5 (/opt/ros/humble/share/rosidl_generator_c/cmake)
[0.437s] -- Found rosidl_adapter: 3.1.5 (/opt/ros/humble/share/rosidl_adapter/cmake)
[0.449s] -- Found rosidl_generator_cpp: 3.1.5 (/opt/ros/humble/share/rosidl_generator_cpp/cmake)
[0.476s] -- Using all available rosidl_typesupport_c: rosidl_typesupport_fastrtps_c;rosidl_typesupport_introspection_c
[0.509s] -- Using all available rosidl_typesupport_cpp: rosidl_typesupport_fastrtps_cpp;rosidl_typesupport_introspection_cpp
[0.786s] -- Found rmw_implementation_cmake: 6.1.2 (/opt/ros/humble/share/rmw_implementation_cmake/cmake)
[0.789s] -- Found rmw_fastrtps_cpp: 6.2.7 (/opt/ros/humble/share/rmw_fastrtps_cpp/cmake)
[0.814s] -- Found TinyXML2 via Config file: TinyXML2_DIR-NOTFOUND
[0.830s] -- Found TinyXML2 via Config file: TinyXML2_DIR-NOTFOUND
[0.861s] -- Found TinyXML2 via Config file: TinyXML2_DIR-NOTFOUND
[0.877s] -- Found TinyXML2 via Config file: TinyXML2_DIR-NOTFOUND
[0.893s] -- Using RMW implementation 'rmw_fastrtps_cpp' as default
[0.997s] -- Found urdf: 2.6.1 (/opt/ros/humble/share/urdf/cmake)
[1.003s] -- Found rosidl_default_generators: 1.2.0 (/opt/ros/humble/share/rosidl_default_generators/cmake)
[1.020s] -- Found joint_limits: 2.43.1 (/home/jakob/ros2_ws/install/joint_limits/share/joint_limits/cmake)
[1.022s] -- Found kdl_parser: 2.6.4 (/opt/ros/humble/share/kdl_parser/cmake)
[1.024s] -- Found eigen3_cmake_module: 0.1.1 (/opt/ros/humble/share/eigen3_cmake_module/cmake)
[1.026s] -- Ensuring Eigen3 include directory is part of orocos-kdl CMake target
[1.029s] -- Found ament_lint_auto: 0.12.11 (/opt/ros/humble/share/ament_lint_auto/cmake)
[1.308s] -- CMAKE_SYSTEM_NAME : Linux
[1.309s] -- CMAKE_SYSTEM_PROCESSOR : x86_64
[1.309s] -- CMAKE_HOST_SYSTEM_NAME : Linux
[1.309s] -- CMAKE_HOST_SYSTEM_PROCESSOR : x86_64
[1.309s] -- CMAKE_LIBRARY_ARCHITECTURE : x86_64-linux-gnu
[1.309s] [0mArch set as .*x86_64.*[0m
[1.314s] -- Configuring done
[1.407s] -- Generating done
[1.410s] -- Build files have been written to: /home/jakob/ros2/khi_jdh/src/khi2cpp_hw/build/khi2cpp_hw
[1.470s] [35m[1mConsolidate compiler generated dependencies of target main[0m
[1.479s] [35m[1mConsolidate compiler generated dependencies of target khi2cpp_hw[0m
[1.526s] [ 16%] [32mBuilding CXX object CMakeFiles/main.dir/src/main.cpp.o[0m
[1.546s] [ 83%] Built target khi2cpp_hw
[8.141s] [100%] [32m[1mLinking CXX executable main[0m
[8.531s] [100%] Built target main
[8.551s] Invoked command in '/home/jakob/ros2/khi_jdh/src/khi2cpp_hw/build/khi2cpp_hw' returned '0': CMAKE_PREFIX_PATH=${CMAKE_PREFIX_PATH}:/home/jakob/ros2/khi_jdh/install/khi2py:/home/jakob/ros2_ws/install/rqt_joint_trajectory_controller:/home/jakob/ros2_ws/install/rqt_controller_manager:/home/jakob/ros2_ws/install/ros2controlcli:/home/jakob/ros2_ws/install/ros2_controllers_test_nodes:/home/jakob/ros2_ws/install/ros2_control_demo_testing:/opt/ros/humble /usr/bin/cmake --build /home/jakob/ros2/khi_jdh/src/khi2cpp_hw/build/khi2cpp_hw -- -j4 -l4
[8.670s] Invoking command in '/home/jakob/ros2/khi_jdh/src/khi2cpp_hw/build/khi2cpp_hw': CMAKE_PREFIX_PATH=${CMAKE_PREFIX_PATH}:/home/jakob/ros2/khi_jdh/install/khi2py:/home/jakob/ros2_ws/install/rqt_joint_trajectory_controller:/home/jakob/ros2_ws/install/rqt_controller_manager:/home/jakob/ros2_ws/install/ros2controlcli:/home/jakob/ros2_ws/install/ros2_controllers_test_nodes:/home/jakob/ros2_ws/install/ros2_control_demo_testing:/opt/ros/humble /usr/bin/cmake --install /home/jakob/ros2/khi_jdh/src/khi2cpp_hw/build/khi2cpp_hw
[8.687s] -- Install configuration: ""
[8.688s] -- Up-to-date: /home/jakob/ros2/khi_jdh/src/khi2cpp_hw/install/khi2cpp_hw/share/khi2cpp_hw/khi2cpp_hw.xml
[8.688s] -- Up-to-date: /home/jakob/ros2/khi_jdh/src/khi2cpp_hw/install/khi2cpp_hw/share/khi2cpp_hw/khi2cpp_hw.xml
[8.688s] -- Up-to-date: /home/jakob/ros2/khi_jdh/src/khi2cpp_hw/install/khi2cpp_hw/include/khi2cpp_hw
[8.688s] -- Up-to-date: /home/jakob/ros2/khi_jdh/src/khi2cpp_hw/install/khi2cpp_hw/include/khi2cpp_hw/khi_hw_interface.hpp
[8.689s] -- Up-to-date: /home/jakob/ros2/khi_jdh/src/khi2cpp_hw/install/khi2cpp_hw/include/khi2cpp_hw/khi_cnt_interface.hpp
[8.689s] -- Up-to-date: /home/jakob/ros2/khi_jdh/src/khi2cpp_hw/install/khi2cpp_hw/include/khi2cpp_hw/khi_robot_driver.h
[8.689s] -- Up-to-date: /home/jakob/ros2/khi_jdh/src/khi2cpp_hw/install/khi2cpp_hw/include/khi2cpp_hw/khi_krnx_driver.h
[8.689s] -- Up-to-date: /home/jakob/ros2/khi_jdh/src/khi2cpp_hw/install/khi2cpp_hw/include/khi2cpp_hw/krnx.h
[8.689s] -- Up-to-date: /home/jakob/ros2/khi_jdh/src/khi2cpp_hw/install/khi2cpp_hw/share/khi2cpp_hw/launch
[8.689s] -- Up-to-date: /home/jakob/ros2/khi_jdh/src/khi2cpp_hw/install/khi2cpp_hw/share/khi2cpp_hw/launch/view_cx110l.launch.py
[8.689s] -- Up-to-date: /home/jakob/ros2/khi_jdh/src/khi2cpp_hw/install/khi2cpp_hw/share/khi2cpp_hw/ros2_control
[8.690s] -- Up-to-date: /home/jakob/ros2/khi_jdh/src/khi2cpp_hw/install/khi2cpp_hw/share/khi2cpp_hw/ros2_control/r6bot.ros2_control.xacro
[8.690s] -- Up-to-date: /home/jakob/ros2/khi_jdh/src/khi2cpp_hw/install/khi2cpp_hw/share/khi2cpp_hw/ros2_control/cx110l.ros2_control.xacro
[8.690s] -- Up-to-date: /home/jakob/ros2/khi_jdh/src/khi2cpp_hw/install/khi2cpp_hw/share/khi2cpp_hw/urdf
[8.690s] -- Up-to-date: /home/jakob/ros2/khi_jdh/src/khi2cpp_hw/install/khi2cpp_hw/share/khi2cpp_hw/urdf/cx110l.urdf.xacro
[8.690s] -- Up-to-date: /home/jakob/ros2/khi_jdh/src/khi2cpp_hw/install/khi2cpp_hw/share/khi2cpp_hw/launch
[8.690s] -- Up-to-date: /home/jakob/ros2/khi_jdh/src/khi2cpp_hw/install/khi2cpp_hw/share/khi2cpp_hw/launch/send_trajectory.launch.py
[8.690s] -- Up-to-date: /home/jakob/ros2/khi_jdh/src/khi2cpp_hw/install/khi2cpp_hw/share/khi2cpp_hw/launch/r6bot_controller.launch copy.py
[8.691s] -- Up-to-date: /home/jakob/ros2/khi_jdh/src/khi2cpp_hw/install/khi2cpp_hw/share/khi2cpp_hw/launch/cx110l_controller.launch.py
[8.691s] -- Up-to-date: /home/jakob/ros2/khi_jdh/src/khi2cpp_hw/install/khi2cpp_hw/share/khi2cpp_hw/config
[8.691s] -- Up-to-date: /home/jakob/ros2/khi_jdh/src/khi2cpp_hw/install/khi2cpp_hw/share/khi2cpp_hw/config/cx165l_controller.yaml
[8.691s] -- Up-to-date: /home/jakob/ros2/khi_jdh/src/khi2cpp_hw/install/khi2cpp_hw/share/khi2cpp_hw/config/r6bot_controller.yaml
[8.691s] -- Up-to-date: /home/jakob/ros2/khi_jdh/src/khi2cpp_hw/install/khi2cpp_hw/share/khi2cpp_hw/config/cx110l_controller.yaml
[8.691s] -- Installing: /home/jakob/ros2/khi_jdh/src/khi2cpp_hw/install/khi2cpp_hw/lib/khi2cpp_hw/main
[8.692s] -- Set runtime path of "/home/jakob/ros2/khi_jdh/src/khi2cpp_hw/install/khi2cpp_hw/lib/khi2cpp_hw/main" to ""
[8.692s] -- Up-to-date: /home/jakob/ros2/khi_jdh/src/khi2cpp_hw/install/khi2cpp_hw/lib/libkrnx.so
[8.692s] -- Installing: /home/jakob/ros2/khi_jdh/src/khi2cpp_hw/install/khi2cpp_hw/bin/main
[8.694s] -- Set runtime path of "/home/jakob/ros2/khi_jdh/src/khi2cpp_hw/install/khi2cpp_hw/bin/main" to ""
[8.694s] -- Up-to-date: /home/jakob/ros2/khi_jdh/src/khi2cpp_hw/install/khi2cpp_hw/lib/libkhi2cpp_hw.so
[8.695s] -- Up-to-date: /home/jakob/ros2/khi_jdh/src/khi2cpp_hw/install/khi2cpp_hw/share/khi2cpp_hw/environment/library_path.sh
[8.695s] -- Installing: /home/jakob/ros2/khi_jdh/src/khi2cpp_hw/install/khi2cpp_hw/share/khi2cpp_hw/environment/library_path.dsv
[8.695s] -- Up-to-date: /home/jakob/ros2/khi_jdh/src/khi2cpp_hw/install/khi2cpp_hw/share/ament_index/resource_index/package_run_dependencies/khi2cpp_hw
[8.695s] -- Up-to-date: /home/jakob/ros2/khi_jdh/src/khi2cpp_hw/install/khi2cpp_hw/share/ament_index/resource_index/parent_prefix_path/khi2cpp_hw
[8.695s] -- Up-to-date: /home/jakob/ros2/khi_jdh/src/khi2cpp_hw/install/khi2cpp_hw/share/khi2cpp_hw/environment/ament_prefix_path.sh
[8.696s] -- Installing: /home/jakob/ros2/khi_jdh/src/khi2cpp_hw/install/khi2cpp_hw/share/khi2cpp_hw/environment/ament_prefix_path.dsv
[8.696s] -- Up-to-date: /home/jakob/ros2/khi_jdh/src/khi2cpp_hw/install/khi2cpp_hw/share/khi2cpp_hw/environment/path.sh
[8.696s] -- Installing: /home/jakob/ros2/khi_jdh/src/khi2cpp_hw/install/khi2cpp_hw/share/khi2cpp_hw/environment/path.dsv
[8.696s] -- Up-to-date: /home/jakob/ros2/khi_jdh/src/khi2cpp_hw/install/khi2cpp_hw/share/khi2cpp_hw/local_setup.bash
[8.696s] -- Up-to-date: /home/jakob/ros2/khi_jdh/src/khi2cpp_hw/install/khi2cpp_hw/share/khi2cpp_hw/local_setup.sh
[8.696s] -- Up-to-date: /home/jakob/ros2/khi_jdh/src/khi2cpp_hw/install/khi2cpp_hw/share/khi2cpp_hw/local_setup.zsh
[8.697s] -- Installing: /home/jakob/ros2/khi_jdh/src/khi2cpp_hw/install/khi2cpp_hw/share/khi2cpp_hw/local_setup.dsv
[8.697s] -- Installing: /home/jakob/ros2/khi_jdh/src/khi2cpp_hw/install/khi2cpp_hw/share/khi2cpp_hw/package.dsv
[8.697s] -- Up-to-date: /home/jakob/ros2/khi_jdh/src/khi2cpp_hw/install/khi2cpp_hw/share/ament_index/resource_index/packages/khi2cpp_hw
[8.697s] -- Up-to-date: /home/jakob/ros2/khi_jdh/src/khi2cpp_hw/install/khi2cpp_hw/share/ament_index/resource_index/hardware_interface__pluginlib__plugin/khi2cpp_hw
[8.697s] -- Up-to-date: /home/jakob/ros2/khi_jdh/src/khi2cpp_hw/install/khi2cpp_hw/share/ament_index/resource_index/controller_interface__pluginlib__plugin/khi2cpp_hw
[8.698s] -- Up-to-date: /home/jakob/ros2/khi_jdh/src/khi2cpp_hw/install/khi2cpp_hw/share/khi2cpp_hw/cmake/export_khi2cpp_hwExport.cmake
[8.698s] -- Up-to-date: /home/jakob/ros2/khi_jdh/src/khi2cpp_hw/install/khi2cpp_hw/share/khi2cpp_hw/cmake/export_khi2cpp_hwExport-noconfig.cmake
[8.698s] -- Up-to-date: /home/jakob/ros2/khi_jdh/src/khi2cpp_hw/install/khi2cpp_hw/share/khi2cpp_hw/cmake/ament_cmake_export_targets-extras.cmake
[8.698s] -- Up-to-date: /home/jakob/ros2/khi_jdh/src/khi2cpp_hw/install/khi2cpp_hw/share/khi2cpp_hw/cmake/ament_cmake_export_dependencies-extras.cmake
[8.698s] -- Up-to-date: /home/jakob/ros2/khi_jdh/src/khi2cpp_hw/install/khi2cpp_hw/share/khi2cpp_hw/cmake/khi2cpp_hwConfig.cmake
[8.698s] -- Up-to-date: /home/jakob/ros2/khi_jdh/src/khi2cpp_hw/install/khi2cpp_hw/share/khi2cpp_hw/cmake/khi2cpp_hwConfig-version.cmake
[8.698s] -- Up-to-date: /home/jakob/ros2/khi_jdh/src/khi2cpp_hw/install/khi2cpp_hw/share/khi2cpp_hw/package.xml
[8.700s] Invoked command in '/home/jakob/ros2/khi_jdh/src/khi2cpp_hw/build/khi2cpp_hw' returned '0': CMAKE_PREFIX_PATH=${CMAKE_PREFIX_PATH}:/home/jakob/ros2/khi_jdh/install/khi2py:/home/jakob/ros2_ws/install/rqt_joint_trajectory_controller:/home/jakob/ros2_ws/install/rqt_controller_manager:/home/jakob/ros2_ws/install/ros2controlcli:/home/jakob/ros2_ws/install/ros2_controllers_test_nodes:/home/jakob/ros2_ws/install/ros2_control_demo_testing:/opt/ros/humble /usr/bin/cmake --install /home/jakob/ros2/khi_jdh/src/khi2cpp_hw/build/khi2cpp_hw
