[0.021s] Invoking command in '/home/jakob/ros2/khi_jdh/src/khi2cpp_hw/build/khi2cpp_hw': CMAKE_PREFIX_PATH=${CMAKE_PREFIX_PATH}:/home/jakob/ros2/khi_jdh/install/khi2py:/home/jakob/ros2_ws/install/rqt_joint_trajectory_controller:/home/jakob/ros2_ws/install/rqt_controller_manager:/home/jakob/ros2_ws/install/ros2controlcli:/home/jakob/ros2_ws/install/ros2_controllers_test_nodes:/home/jakob/ros2_ws/install/ros2_control_demo_testing:/opt/ros/humble /usr/bin/cmake --build /home/jakob/ros2/khi_jdh/src/khi2cpp_hw/build/khi2cpp_hw -- -j4 -l4
[0.067s] -- Found controller_manager: 2.43.1 (/home/jakob/ros2_ws/install/controller_manager/share/controller_manager/cmake)
[0.281s] -- Found rosidl_generator_c: 3.1.5 (/opt/ros/humble/share/rosidl_generator_c/cmake)
[0.285s] -- Found rosidl_adapter: 3.1.5 (/opt/ros/humble/share/rosidl_adapter/cmake)
[0.292s] -- Found rosidl_generator_cpp: 3.1.5 (/opt/ros/humble/share/rosidl_generator_cpp/cmake)
[0.313s] -- Using all available rosidl_typesupport_c: rosidl_typesupport_fastrtps_c;rosidl_typesupport_introspection_c
[0.338s] -- Using all available rosidl_typesupport_cpp: rosidl_typesupport_fastrtps_cpp;rosidl_typesupport_introspection_cpp
[0.572s] -- Found rmw_implementation_cmake: 6.1.2 (/opt/ros/humble/share/rmw_implementation_cmake/cmake)
[0.576s] -- Found rmw_fastrtps_cpp: 6.2.7 (/opt/ros/humble/share/rmw_fastrtps_cpp/cmake)
[0.597s] -- Found TinyXML2 via Config file: TinyXML2_DIR-NOTFOUND
[0.609s] -- Found TinyXML2 via Config file: TinyXML2_DIR-NOTFOUND
[0.634s] -- Found TinyXML2 via Config file: TinyXML2_DIR-NOTFOUND
[0.645s] -- Found TinyXML2 via Config file: TinyXML2_DIR-NOTFOUND
[0.663s] -- Using RMW implementation 'rmw_fastrtps_cpp' as default
[0.767s] -- Found urdf: 2.6.1 (/opt/ros/humble/share/urdf/cmake)
[0.773s] -- Found rosidl_default_generators: 1.2.0 (/opt/ros/humble/share/rosidl_default_generators/cmake)
[0.787s] -- Found joint_limits: 2.43.1 (/home/jakob/ros2_ws/install/joint_limits/share/joint_limits/cmake)
[0.789s] -- Found kdl_parser: 2.6.4 (/opt/ros/humble/share/kdl_parser/cmake)
[0.791s] -- Found eigen3_cmake_module: 0.1.1 (/opt/ros/humble/share/eigen3_cmake_module/cmake)
[0.793s] -- Ensuring Eigen3 include directory is part of orocos-kdl CMake target
[0.795s] -- Found ament_lint_auto: 0.12.11 (/opt/ros/humble/share/ament_lint_auto/cmake)
[1.021s] -- CMAKE_SYSTEM_NAME : Linux
[1.021s] -- CMAKE_SYSTEM_PROCESSOR : x86_64
[1.021s] -- CMAKE_HOST_SYSTEM_NAME : Linux
[1.022s] -- CMAKE_HOST_SYSTEM_PROCESSOR : x86_64
[1.022s] -- CMAKE_LIBRARY_ARCHITECTURE : x86_64-linux-gnu
[1.022s] [0mArch set as .*x86_64.*[0m
[1.129s] -- Configuring done
[1.251s] -- Generating done
[1.253s] -- Build files have been written to: /home/jakob/ros2/khi_jdh/src/khi2cpp_hw/build/khi2cpp_hw
[1.310s] [35m[1mConsolidate compiler generated dependencies of target khi2cpp_hw[0m
[1.351s] [ 66%] Built target khi2cpp_hw
[1.374s] [35m[1mConsolidate compiler generated dependencies of target main[0m
[1.406s] [ 83%] [32m[1mLinking CXX executable main[0m
[1.952s] [100%] Built target main
[1.973s] Invoked command in '/home/jakob/ros2/khi_jdh/src/khi2cpp_hw/build/khi2cpp_hw' returned '0': CMAKE_PREFIX_PATH=${CMAKE_PREFIX_PATH}:/home/jakob/ros2/khi_jdh/install/khi2py:/home/jakob/ros2_ws/install/rqt_joint_trajectory_controller:/home/jakob/ros2_ws/install/rqt_controller_manager:/home/jakob/ros2_ws/install/ros2controlcli:/home/jakob/ros2_ws/install/ros2_controllers_test_nodes:/home/jakob/ros2_ws/install/ros2_control_demo_testing:/opt/ros/humble /usr/bin/cmake --build /home/jakob/ros2/khi_jdh/src/khi2cpp_hw/build/khi2cpp_hw -- -j4 -l4
[2.089s] Invoking command in '/home/jakob/ros2/khi_jdh/src/khi2cpp_hw/build/khi2cpp_hw': CMAKE_PREFIX_PATH=${CMAKE_PREFIX_PATH}:/home/jakob/ros2/khi_jdh/install/khi2py:/home/jakob/ros2_ws/install/rqt_joint_trajectory_controller:/home/jakob/ros2_ws/install/rqt_controller_manager:/home/jakob/ros2_ws/install/ros2controlcli:/home/jakob/ros2_ws/install/ros2_controllers_test_nodes:/home/jakob/ros2_ws/install/ros2_control_demo_testing:/opt/ros/humble /usr/bin/cmake --install /home/jakob/ros2/khi_jdh/src/khi2cpp_hw/build/khi2cpp_hw
[2.103s] -- Install configuration: ""
[2.104s] -- Up-to-date: /home/jakob/ros2/khi_jdh/src/khi2cpp_hw/install/khi2cpp_hw/share/khi2cpp_hw/khi2cpp_hw.xml
[2.104s] -- Up-to-date: /home/jakob/ros2/khi_jdh/src/khi2cpp_hw/install/khi2cpp_hw/share/khi2cpp_hw/khi2cpp_hw.xml
[2.104s] -- Up-to-date: /home/jakob/ros2/khi_jdh/src/khi2cpp_hw/install/khi2cpp_hw/include/khi2cpp_hw
[2.105s] -- Up-to-date: /home/jakob/ros2/khi_jdh/src/khi2cpp_hw/install/khi2cpp_hw/include/khi2cpp_hw/khi_hw_interface.hpp
[2.105s] -- Up-to-date: /home/jakob/ros2/khi_jdh/src/khi2cpp_hw/install/khi2cpp_hw/include/khi2cpp_hw/khi_cnt_interface.hpp
[2.105s] -- Up-to-date: /home/jakob/ros2/khi_jdh/src/khi2cpp_hw/install/khi2cpp_hw/include/khi2cpp_hw/khi_robot_driver.h
[2.105s] -- Up-to-date: /home/jakob/ros2/khi_jdh/src/khi2cpp_hw/install/khi2cpp_hw/include/khi2cpp_hw/khi_krnx_driver.h
[2.105s] -- Up-to-date: /home/jakob/ros2/khi_jdh/src/khi2cpp_hw/install/khi2cpp_hw/include/khi2cpp_hw/krnx.h
[2.105s] -- Up-to-date: /home/jakob/ros2/khi_jdh/src/khi2cpp_hw/install/khi2cpp_hw/share/khi2cpp_hw/launch
[2.105s] -- Up-to-date: /home/jakob/ros2/khi_jdh/src/khi2cpp_hw/install/khi2cpp_hw/share/khi2cpp_hw/launch/view_cx110l.launch.py
[2.105s] -- Up-to-date: /home/jakob/ros2/khi_jdh/src/khi2cpp_hw/install/khi2cpp_hw/share/khi2cpp_hw/ros2_control
[2.105s] -- Up-to-date: /home/jakob/ros2/khi_jdh/src/khi2cpp_hw/install/khi2cpp_hw/share/khi2cpp_hw/ros2_control/r6bot.ros2_control.xacro
[2.105s] -- Up-to-date: /home/jakob/ros2/khi_jdh/src/khi2cpp_hw/install/khi2cpp_hw/share/khi2cpp_hw/ros2_control/cx110l.ros2_control.xacro
[2.106s] -- Up-to-date: /home/jakob/ros2/khi_jdh/src/khi2cpp_hw/install/khi2cpp_hw/share/khi2cpp_hw/urdf
[2.106s] -- Up-to-date: /home/jakob/ros2/khi_jdh/src/khi2cpp_hw/install/khi2cpp_hw/share/khi2cpp_hw/urdf/cx110l.urdf.xacro
[2.106s] -- Up-to-date: /home/jakob/ros2/khi_jdh/src/khi2cpp_hw/install/khi2cpp_hw/share/khi2cpp_hw/launch
[2.106s] -- Up-to-date: /home/jakob/ros2/khi_jdh/src/khi2cpp_hw/install/khi2cpp_hw/share/khi2cpp_hw/launch/send_trajectory.launch.py
[2.106s] -- Up-to-date: /home/jakob/ros2/khi_jdh/src/khi2cpp_hw/install/khi2cpp_hw/share/khi2cpp_hw/launch/r6bot_controller.launch copy.py
[2.106s] -- Up-to-date: /home/jakob/ros2/khi_jdh/src/khi2cpp_hw/install/khi2cpp_hw/share/khi2cpp_hw/launch/cx110l_controller.launch.py
[2.106s] -- Up-to-date: /home/jakob/ros2/khi_jdh/src/khi2cpp_hw/install/khi2cpp_hw/share/khi2cpp_hw/config
[2.106s] -- Up-to-date: /home/jakob/ros2/khi_jdh/src/khi2cpp_hw/install/khi2cpp_hw/share/khi2cpp_hw/config/cx165l_controller.yaml
[2.107s] -- Up-to-date: /home/jakob/ros2/khi_jdh/src/khi2cpp_hw/install/khi2cpp_hw/share/khi2cpp_hw/config/r6bot_controller.yaml
[2.107s] -- Up-to-date: /home/jakob/ros2/khi_jdh/src/khi2cpp_hw/install/khi2cpp_hw/share/khi2cpp_hw/config/cx110l_controller.yaml
[2.107s] -- Installing: /home/jakob/ros2/khi_jdh/src/khi2cpp_hw/install/khi2cpp_hw/lib/khi2cpp_hw/main
[2.107s] -- Set runtime path of "/home/jakob/ros2/khi_jdh/src/khi2cpp_hw/install/khi2cpp_hw/lib/khi2cpp_hw/main" to ""
[2.107s] -- Up-to-date: /home/jakob/ros2/khi_jdh/src/khi2cpp_hw/install/khi2cpp_hw/lib/libkrnx.so
[2.107s] -- Installing: /home/jakob/ros2/khi_jdh/src/khi2cpp_hw/install/khi2cpp_hw/bin/khi2cpp_hw/main
[2.109s] -- Set runtime path of "/home/jakob/ros2/khi_jdh/src/khi2cpp_hw/install/khi2cpp_hw/bin/khi2cpp_hw/main" to ""
[2.110s] -- Installing: /home/jakob/ros2/khi_jdh/src/khi2cpp_hw/install/khi2cpp_hw/lib/khi2cpp_hw/libkhi2cpp_hw.so
[2.118s] -- Set runtime path of "/home/jakob/ros2/khi_jdh/src/khi2cpp_hw/install/khi2cpp_hw/lib/khi2cpp_hw/libkhi2cpp_hw.so" to ""
[2.119s] -- Up-to-date: /home/jakob/ros2/khi_jdh/src/khi2cpp_hw/install/khi2cpp_hw/share/khi2cpp_hw/environment/library_path.sh
[2.119s] -- Installing: /home/jakob/ros2/khi_jdh/src/khi2cpp_hw/install/khi2cpp_hw/share/khi2cpp_hw/environment/library_path.dsv
[2.119s] -- Up-to-date: /home/jakob/ros2/khi_jdh/src/khi2cpp_hw/install/khi2cpp_hw/share/ament_index/resource_index/package_run_dependencies/khi2cpp_hw
[2.119s] -- Up-to-date: /home/jakob/ros2/khi_jdh/src/khi2cpp_hw/install/khi2cpp_hw/share/ament_index/resource_index/parent_prefix_path/khi2cpp_hw
[2.120s] -- Up-to-date: /home/jakob/ros2/khi_jdh/src/khi2cpp_hw/install/khi2cpp_hw/share/khi2cpp_hw/environment/ament_prefix_path.sh
[2.120s] -- Installing: /home/jakob/ros2/khi_jdh/src/khi2cpp_hw/install/khi2cpp_hw/share/khi2cpp_hw/environment/ament_prefix_path.dsv
[2.120s] -- Up-to-date: /home/jakob/ros2/khi_jdh/src/khi2cpp_hw/install/khi2cpp_hw/share/khi2cpp_hw/environment/path.sh
[2.120s] -- Installing: /home/jakob/ros2/khi_jdh/src/khi2cpp_hw/install/khi2cpp_hw/share/khi2cpp_hw/environment/path.dsv
[2.120s] -- Up-to-date: /home/jakob/ros2/khi_jdh/src/khi2cpp_hw/install/khi2cpp_hw/share/khi2cpp_hw/local_setup.bash
[2.120s] -- Up-to-date: /home/jakob/ros2/khi_jdh/src/khi2cpp_hw/install/khi2cpp_hw/share/khi2cpp_hw/local_setup.sh
[2.120s] -- Up-to-date: /home/jakob/ros2/khi_jdh/src/khi2cpp_hw/install/khi2cpp_hw/share/khi2cpp_hw/local_setup.zsh
[2.120s] -- Installing: /home/jakob/ros2/khi_jdh/src/khi2cpp_hw/install/khi2cpp_hw/share/khi2cpp_hw/local_setup.dsv
[2.121s] -- Installing: /home/jakob/ros2/khi_jdh/src/khi2cpp_hw/install/khi2cpp_hw/share/khi2cpp_hw/package.dsv
[2.121s] -- Up-to-date: /home/jakob/ros2/khi_jdh/src/khi2cpp_hw/install/khi2cpp_hw/share/ament_index/resource_index/packages/khi2cpp_hw
[2.121s] -- Up-to-date: /home/jakob/ros2/khi_jdh/src/khi2cpp_hw/install/khi2cpp_hw/share/ament_index/resource_index/hardware_interface__pluginlib__plugin/khi2cpp_hw
[2.121s] -- Up-to-date: /home/jakob/ros2/khi_jdh/src/khi2cpp_hw/install/khi2cpp_hw/share/ament_index/resource_index/controller_interface__pluginlib__plugin/khi2cpp_hw
[2.121s] -- Up-to-date: /home/jakob/ros2/khi_jdh/src/khi2cpp_hw/install/khi2cpp_hw/share/khi2cpp_hw/cmake/export_khi2cpp_hwExport.cmake
[2.121s] -- Installing: /home/jakob/ros2/khi_jdh/src/khi2cpp_hw/install/khi2cpp_hw/share/khi2cpp_hw/cmake/export_khi2cpp_hwExport-noconfig.cmake
[2.121s] -- Up-to-date: /home/jakob/ros2/khi_jdh/src/khi2cpp_hw/install/khi2cpp_hw/share/khi2cpp_hw/cmake/ament_cmake_export_targets-extras.cmake
[2.121s] -- Up-to-date: /home/jakob/ros2/khi_jdh/src/khi2cpp_hw/install/khi2cpp_hw/share/khi2cpp_hw/cmake/ament_cmake_export_dependencies-extras.cmake
[2.122s] -- Up-to-date: /home/jakob/ros2/khi_jdh/src/khi2cpp_hw/install/khi2cpp_hw/share/khi2cpp_hw/cmake/khi2cpp_hwConfig.cmake
[2.122s] -- Up-to-date: /home/jakob/ros2/khi_jdh/src/khi2cpp_hw/install/khi2cpp_hw/share/khi2cpp_hw/cmake/khi2cpp_hwConfig-version.cmake
[2.122s] -- Up-to-date: /home/jakob/ros2/khi_jdh/src/khi2cpp_hw/install/khi2cpp_hw/share/khi2cpp_hw/package.xml
[2.124s] Invoked command in '/home/jakob/ros2/khi_jdh/src/khi2cpp_hw/build/khi2cpp_hw' returned '0': CMAKE_PREFIX_PATH=${CMAKE_PREFIX_PATH}:/home/jakob/ros2/khi_jdh/install/khi2py:/home/jakob/ros2_ws/install/rqt_joint_trajectory_controller:/home/jakob/ros2_ws/install/rqt_controller_manager:/home/jakob/ros2_ws/install/ros2controlcli:/home/jakob/ros2_ws/install/ros2_controllers_test_nodes:/home/jakob/ros2_ws/install/ros2_control_demo_testing:/opt/ros/humble /usr/bin/cmake --install /home/jakob/ros2/khi_jdh/src/khi2cpp_hw/build/khi2cpp_hw
