[0.023s] Invoking command in '/home/jakob/ros2/khi_jdh/src/khi2cpp_hw/build/khi2cpp_hw': CMAKE_PREFIX_PATH=${CMAKE_PREFIX_PATH}:/home/jakob/ros2/khi_jdh/install/khi2py:/home/jakob/ros2_ws/install/rqt_joint_trajectory_controller:/home/jakob/ros2_ws/install/rqt_controller_manager:/home/jakob/ros2_ws/install/ros2controlcli:/home/jakob/ros2_ws/install/ros2_controllers_test_nodes:/home/jakob/ros2_ws/install/ros2_control_demo_testing:/opt/ros/humble /usr/bin/cmake --build /home/jakob/ros2/khi_jdh/src/khi2cpp_hw/build/khi2cpp_hw -- -j4 -l4
[0.091s] -- Found controller_manager: 2.43.1 (/home/jakob/ros2_ws/install/controller_manager/share/controller_manager/cmake)
[0.351s] -- Found rosidl_generator_c: 3.1.5 (/opt/ros/humble/share/rosidl_generator_c/cmake)
[0.354s] -- Found rosidl_adapter: 3.1.5 (/opt/ros/humble/share/rosidl_adapter/cmake)
[0.363s] -- Found rosidl_generator_cpp: 3.1.5 (/opt/ros/humble/share/rosidl_generator_cpp/cmake)
[0.380s] -- Using all available rosidl_typesupport_c: rosidl_typesupport_fastrtps_c;rosidl_typesupport_introspection_c
[0.402s] -- Using all available rosidl_typesupport_cpp: rosidl_typesupport_fastrtps_cpp;rosidl_typesupport_introspection_cpp
[0.620s] -- Found rmw_implementation_cmake: 6.1.2 (/opt/ros/humble/share/rmw_implementation_cmake/cmake)
[0.627s] -- Found rmw_fastrtps_cpp: 6.2.7 (/opt/ros/humble/share/rmw_fastrtps_cpp/cmake)
[0.658s] -- Found TinyXML2 via Config file: TinyXML2_DIR-NOTFOUND
[0.677s] -- Found TinyXML2 via Config file: TinyXML2_DIR-NOTFOUND
[0.701s] -- Found TinyXML2 via Config file: TinyXML2_DIR-NOTFOUND
[0.713s] -- Found TinyXML2 via Config file: TinyXML2_DIR-NOTFOUND
[0.731s] -- Using RMW implementation 'rmw_fastrtps_cpp' as default
[0.866s] -- Found urdf: 2.6.1 (/opt/ros/humble/share/urdf/cmake)
[0.874s] -- Found rosidl_default_generators: 1.2.0 (/opt/ros/humble/share/rosidl_default_generators/cmake)
[0.898s] -- Found joint_limits: 2.43.1 (/home/jakob/ros2_ws/install/joint_limits/share/joint_limits/cmake)
[0.900s] -- Found kdl_parser: 2.6.4 (/opt/ros/humble/share/kdl_parser/cmake)
[0.903s] -- Found eigen3_cmake_module: 0.1.1 (/opt/ros/humble/share/eigen3_cmake_module/cmake)
[0.905s] -- Ensuring Eigen3 include directory is part of orocos-kdl CMake target
[0.908s] -- Found ament_lint_auto: 0.12.11 (/opt/ros/humble/share/ament_lint_auto/cmake)
[1.275s] -- CMAKE_SYSTEM_NAME : Linux
[1.275s] -- CMAKE_SYSTEM_PROCESSOR : x86_64
[1.275s] -- CMAKE_HOST_SYSTEM_NAME : Linux
[1.275s] [0mArch set as .*x86_64.*[0m
[1.275s] -- CMAKE_HOST_SYSTEM_PROCESSOR : x86_64
[1.275s] -- CMAKE_LIBRARY_ARCHITECTURE : x86_64-linux-gnu
[1.281s] -- Configuring done
[1.392s] -- Generating done
[1.395s] -- Build files have been written to: /home/jakob/ros2/khi_jdh/src/khi2cpp_hw/build/khi2cpp_hw
[1.446s] [35m[1mConsolidate compiler generated dependencies of target khi2cpp_hw[0m
[1.489s] [ 16%] [32m[1mLinking CXX shared library libkhi2cpp_hw.so[0m
[2.589s] [ 66%] Built target khi2cpp_hw
[2.610s] [35m[1mConsolidate compiler generated dependencies of target main[0m
[2.645s] [ 83%] [32m[1mLinking CXX executable main[0m
[3.191s] [100%] Built target main
[3.209s] Invoked command in '/home/jakob/ros2/khi_jdh/src/khi2cpp_hw/build/khi2cpp_hw' returned '0': CMAKE_PREFIX_PATH=${CMAKE_PREFIX_PATH}:/home/jakob/ros2/khi_jdh/install/khi2py:/home/jakob/ros2_ws/install/rqt_joint_trajectory_controller:/home/jakob/ros2_ws/install/rqt_controller_manager:/home/jakob/ros2_ws/install/ros2controlcli:/home/jakob/ros2_ws/install/ros2_controllers_test_nodes:/home/jakob/ros2_ws/install/ros2_control_demo_testing:/opt/ros/humble /usr/bin/cmake --build /home/jakob/ros2/khi_jdh/src/khi2cpp_hw/build/khi2cpp_hw -- -j4 -l4
[3.326s] Invoking command in '/home/jakob/ros2/khi_jdh/src/khi2cpp_hw/build/khi2cpp_hw': CMAKE_PREFIX_PATH=${CMAKE_PREFIX_PATH}:/home/jakob/ros2/khi_jdh/install/khi2py:/home/jakob/ros2_ws/install/rqt_joint_trajectory_controller:/home/jakob/ros2_ws/install/rqt_controller_manager:/home/jakob/ros2_ws/install/ros2controlcli:/home/jakob/ros2_ws/install/ros2_controllers_test_nodes:/home/jakob/ros2_ws/install/ros2_control_demo_testing:/opt/ros/humble /usr/bin/cmake --install /home/jakob/ros2/khi_jdh/src/khi2cpp_hw/build/khi2cpp_hw
[3.341s] -- Install configuration: ""
[3.341s] -- Up-to-date: /home/jakob/ros2/khi_jdh/src/khi2cpp_hw/install/khi2cpp_hw/share/khi2cpp_hw/khi2cpp_hw.xml
[3.341s] -- Up-to-date: /home/jakob/ros2/khi_jdh/src/khi2cpp_hw/install/khi2cpp_hw/share/khi2cpp_hw/khi2cpp_hw.xml
[3.342s] -- Up-to-date: /home/jakob/ros2/khi_jdh/src/khi2cpp_hw/install/khi2cpp_hw/include/khi2cpp_hw
[3.342s] -- Up-to-date: /home/jakob/ros2/khi_jdh/src/khi2cpp_hw/install/khi2cpp_hw/include/khi2cpp_hw/khi_hw_interface.hpp
[3.342s] -- Up-to-date: /home/jakob/ros2/khi_jdh/src/khi2cpp_hw/install/khi2cpp_hw/include/khi2cpp_hw/khi_cnt_interface.hpp
[3.342s] -- Up-to-date: /home/jakob/ros2/khi_jdh/src/khi2cpp_hw/install/khi2cpp_hw/include/khi2cpp_hw/khi_robot_driver.h
[3.342s] -- Up-to-date: /home/jakob/ros2/khi_jdh/src/khi2cpp_hw/install/khi2cpp_hw/include/khi2cpp_hw/khi_krnx_driver.h
[3.342s] -- Up-to-date: /home/jakob/ros2/khi_jdh/src/khi2cpp_hw/install/khi2cpp_hw/include/khi2cpp_hw/krnx.h
[3.342s] -- Up-to-date: /home/jakob/ros2/khi_jdh/src/khi2cpp_hw/install/khi2cpp_hw/share/khi2cpp_hw/launch
[3.343s] -- Up-to-date: /home/jakob/ros2/khi_jdh/src/khi2cpp_hw/install/khi2cpp_hw/share/khi2cpp_hw/launch/view_cx110l.launch.py
[3.343s] -- Up-to-date: /home/jakob/ros2/khi_jdh/src/khi2cpp_hw/install/khi2cpp_hw/share/khi2cpp_hw/ros2_control
[3.343s] -- Up-to-date: /home/jakob/ros2/khi_jdh/src/khi2cpp_hw/install/khi2cpp_hw/share/khi2cpp_hw/ros2_control/r6bot.ros2_control.xacro
[3.343s] -- Up-to-date: /home/jakob/ros2/khi_jdh/src/khi2cpp_hw/install/khi2cpp_hw/share/khi2cpp_hw/ros2_control/cx110l.ros2_control.xacro
[3.343s] -- Up-to-date: /home/jakob/ros2/khi_jdh/src/khi2cpp_hw/install/khi2cpp_hw/share/khi2cpp_hw/urdf
[3.343s] -- Up-to-date: /home/jakob/ros2/khi_jdh/src/khi2cpp_hw/install/khi2cpp_hw/share/khi2cpp_hw/urdf/cx110l.urdf.xacro
[3.344s] -- Up-to-date: /home/jakob/ros2/khi_jdh/src/khi2cpp_hw/install/khi2cpp_hw/share/khi2cpp_hw/launch
[3.344s] -- Up-to-date: /home/jakob/ros2/khi_jdh/src/khi2cpp_hw/install/khi2cpp_hw/share/khi2cpp_hw/launch/send_trajectory.launch.py
[3.344s] -- Up-to-date: /home/jakob/ros2/khi_jdh/src/khi2cpp_hw/install/khi2cpp_hw/share/khi2cpp_hw/launch/r6bot_controller.launch copy.py
[3.344s] -- Up-to-date: /home/jakob/ros2/khi_jdh/src/khi2cpp_hw/install/khi2cpp_hw/share/khi2cpp_hw/launch/cx110l_controller.launch.py
[3.344s] -- Up-to-date: /home/jakob/ros2/khi_jdh/src/khi2cpp_hw/install/khi2cpp_hw/share/khi2cpp_hw/config
[3.344s] -- Up-to-date: /home/jakob/ros2/khi_jdh/src/khi2cpp_hw/install/khi2cpp_hw/share/khi2cpp_hw/config/cx165l_controller.yaml
[3.344s] -- Up-to-date: /home/jakob/ros2/khi_jdh/src/khi2cpp_hw/install/khi2cpp_hw/share/khi2cpp_hw/config/r6bot_controller.yaml
[3.344s] -- Up-to-date: /home/jakob/ros2/khi_jdh/src/khi2cpp_hw/install/khi2cpp_hw/share/khi2cpp_hw/config/cx110l_controller.yaml
[3.345s] -- Installing: /home/jakob/ros2/khi_jdh/src/khi2cpp_hw/install/khi2cpp_hw/lib/khi2cpp_hw/main
[3.345s] -- Set runtime path of "/home/jakob/ros2/khi_jdh/src/khi2cpp_hw/install/khi2cpp_hw/lib/khi2cpp_hw/main" to ""
[3.345s] -- Up-to-date: /home/jakob/ros2/khi_jdh/src/khi2cpp_hw/install/khi2cpp_hw/lib/libkrnx.so
[3.345s] -- Installing: /home/jakob/ros2/khi_jdh/src/khi2cpp_hw/install/khi2cpp_hw/bin/main
[3.348s] -- Set runtime path of "/home/jakob/ros2/khi_jdh/src/khi2cpp_hw/install/khi2cpp_hw/bin/main" to ""
[3.348s] -- Installing: /home/jakob/ros2/khi_jdh/src/khi2cpp_hw/install/khi2cpp_hw/lib/libkhi2cpp_hw.so
[3.359s] -- Set runtime path of "/home/jakob/ros2/khi_jdh/src/khi2cpp_hw/install/khi2cpp_hw/lib/libkhi2cpp_hw.so" to ""
[3.359s] -- Up-to-date: /home/jakob/ros2/khi_jdh/src/khi2cpp_hw/install/khi2cpp_hw/share/khi2cpp_hw/environment/library_path.sh
[3.359s] -- Installing: /home/jakob/ros2/khi_jdh/src/khi2cpp_hw/install/khi2cpp_hw/share/khi2cpp_hw/environment/library_path.dsv
[3.359s] -- Up-to-date: /home/jakob/ros2/khi_jdh/src/khi2cpp_hw/install/khi2cpp_hw/share/ament_index/resource_index/package_run_dependencies/khi2cpp_hw
[3.359s] -- Up-to-date: /home/jakob/ros2/khi_jdh/src/khi2cpp_hw/install/khi2cpp_hw/share/ament_index/resource_index/parent_prefix_path/khi2cpp_hw
[3.360s] -- Up-to-date: /home/jakob/ros2/khi_jdh/src/khi2cpp_hw/install/khi2cpp_hw/share/khi2cpp_hw/environment/ament_prefix_path.sh
[3.360s] -- Installing: /home/jakob/ros2/khi_jdh/src/khi2cpp_hw/install/khi2cpp_hw/share/khi2cpp_hw/environment/ament_prefix_path.dsv
[3.360s] -- Up-to-date: /home/jakob/ros2/khi_jdh/src/khi2cpp_hw/install/khi2cpp_hw/share/khi2cpp_hw/environment/path.sh
[3.360s] -- Installing: /home/jakob/ros2/khi_jdh/src/khi2cpp_hw/install/khi2cpp_hw/share/khi2cpp_hw/environment/path.dsv
[3.360s] -- Up-to-date: /home/jakob/ros2/khi_jdh/src/khi2cpp_hw/install/khi2cpp_hw/share/khi2cpp_hw/local_setup.bash
[3.361s] -- Up-to-date: /home/jakob/ros2/khi_jdh/src/khi2cpp_hw/install/khi2cpp_hw/share/khi2cpp_hw/local_setup.sh
[3.361s] -- Up-to-date: /home/jakob/ros2/khi_jdh/src/khi2cpp_hw/install/khi2cpp_hw/share/khi2cpp_hw/local_setup.zsh
[3.361s] -- Installing: /home/jakob/ros2/khi_jdh/src/khi2cpp_hw/install/khi2cpp_hw/share/khi2cpp_hw/local_setup.dsv
[3.361s] -- Installing: /home/jakob/ros2/khi_jdh/src/khi2cpp_hw/install/khi2cpp_hw/share/khi2cpp_hw/package.dsv
[3.361s] -- Up-to-date: /home/jakob/ros2/khi_jdh/src/khi2cpp_hw/install/khi2cpp_hw/share/ament_index/resource_index/packages/khi2cpp_hw
[3.362s] -- Up-to-date: /home/jakob/ros2/khi_jdh/src/khi2cpp_hw/install/khi2cpp_hw/share/ament_index/resource_index/hardware_interface__pluginlib__plugin/khi2cpp_hw
[3.362s] -- Up-to-date: /home/jakob/ros2/khi_jdh/src/khi2cpp_hw/install/khi2cpp_hw/share/ament_index/resource_index/controller_interface__pluginlib__plugin/khi2cpp_hw
[3.362s] -- Old export file "/home/jakob/ros2/khi_jdh/src/khi2cpp_hw/install/khi2cpp_hw/share/khi2cpp_hw/cmake/export_khi2cpp_hwExport.cmake" will be replaced.  Removing files [/home/jakob/ros2/khi_jdh/src/khi2cpp_hw/install/khi2cpp_hw/share/khi2cpp_hw/cmake/export_khi2cpp_hwExport-noconfig.cmake].
[3.362s] -- Installing: /home/jakob/ros2/khi_jdh/src/khi2cpp_hw/install/khi2cpp_hw/share/khi2cpp_hw/cmake/export_khi2cpp_hwExport.cmake
[3.362s] -- Installing: /home/jakob/ros2/khi_jdh/src/khi2cpp_hw/install/khi2cpp_hw/share/khi2cpp_hw/cmake/export_khi2cpp_hwExport-noconfig.cmake
[3.362s] -- Up-to-date: /home/jakob/ros2/khi_jdh/src/khi2cpp_hw/install/khi2cpp_hw/share/khi2cpp_hw/cmake/ament_cmake_export_targets-extras.cmake
[3.362s] -- Up-to-date: /home/jakob/ros2/khi_jdh/src/khi2cpp_hw/install/khi2cpp_hw/share/khi2cpp_hw/cmake/ament_cmake_export_dependencies-extras.cmake
[3.363s] -- Up-to-date: /home/jakob/ros2/khi_jdh/src/khi2cpp_hw/install/khi2cpp_hw/share/khi2cpp_hw/cmake/khi2cpp_hwConfig.cmake
[3.363s] -- Up-to-date: /home/jakob/ros2/khi_jdh/src/khi2cpp_hw/install/khi2cpp_hw/share/khi2cpp_hw/cmake/khi2cpp_hwConfig-version.cmake
[3.363s] -- Up-to-date: /home/jakob/ros2/khi_jdh/src/khi2cpp_hw/install/khi2cpp_hw/share/khi2cpp_hw/package.xml
[3.366s] Invoked command in '/home/jakob/ros2/khi_jdh/src/khi2cpp_hw/build/khi2cpp_hw' returned '0': CMAKE_PREFIX_PATH=${CMAKE_PREFIX_PATH}:/home/jakob/ros2/khi_jdh/install/khi2py:/home/jakob/ros2_ws/install/rqt_joint_trajectory_controller:/home/jakob/ros2_ws/install/rqt_controller_manager:/home/jakob/ros2_ws/install/ros2controlcli:/home/jakob/ros2_ws/install/ros2_controllers_test_nodes:/home/jakob/ros2_ws/install/ros2_control_demo_testing:/opt/ros/humble /usr/bin/cmake --install /home/jakob/ros2/khi_jdh/src/khi2cpp_hw/build/khi2cpp_hw
