[0.164s] DEBUG:colcon:Command line arguments: ['/usr/bin/colcon', 'build', '--packages-select', 'khi2cpp_hw']
[0.164s] DEBUG:colcon:Parsed command line arguments: Namespace(log_base=None, log_level=None, verb_name='build', build_base='build', install_base='install', merge_install=False, symlink_install=False, test_result_base=None, continue_on_error=False, executor='parallel', parallel_workers=4, event_handlers=None, ignore_user_meta=False, metas=['./colcon.meta'], base_paths=['.'], packages_ignore=None, packages_ignore_regex=None, paths=None, packages_up_to=None, packages_up_to_regex=None, packages_above=None, packages_above_and_dependencies=None, packages_above_depth=None, packages_select_by_dep=None, packages_skip_by_dep=None, packages_skip_up_to=None, packages_select_build_failed=False, packages_skip_build_finished=False, packages_select_test_failures=False, packages_skip_test_passed=False, packages_select=['khi2cpp_hw'], packages_skip=None, packages_select_regex=None, packages_skip_regex=None, packages_start=None, packages_end=None, allow_overriding=[], cmake_args=None, cmake_target=None, cmake_target_skip_unavailable=False, cmake_clean_cache=False, cmake_clean_first=False, cmake_force_configure=False, ament_cmake_args=None, catkin_cmake_args=None, catkin_skip_building_tests=False, verb_parser=<colcon_defaults.argument_parser.defaults.DefaultArgumentsDecorator object at 0x791dda13b160>, verb_extension=<colcon_core.verb.build.BuildVerb object at 0x791dda13a860>, main=<bound method BuildVerb.main of <colcon_core.verb.build.BuildVerb object at 0x791dda13a860>>)
[0.377s] Level 1:colcon.colcon_core.package_discovery:discover_packages(colcon_meta) check parameters
[0.377s] Level 1:colcon.colcon_core.package_discovery:discover_packages(recursive) check parameters
[0.377s] Level 1:colcon.colcon_core.package_discovery:discover_packages(ignore) check parameters
[0.377s] Level 1:colcon.colcon_core.package_discovery:discover_packages(path) check parameters
[0.377s] Level 1:colcon.colcon_core.package_discovery:discover_packages(colcon_meta) discover
[0.377s] Level 1:colcon.colcon_core.package_discovery:discover_packages(recursive) discover
[0.377s] INFO:colcon.colcon_core.package_discovery:Crawling recursively for packages in '/home/jakob/ros2/khi_jdh/src/khi2cpp_hw'
[0.377s] Level 1:colcon.colcon_core.package_identification:_identify(.) by extensions ['ignore', 'ignore_ament_install']
[0.377s] Level 1:colcon.colcon_core.package_identification:_identify(.) by extension 'ignore'
[0.378s] Level 1:colcon.colcon_core.package_identification:_identify(.) by extension 'ignore_ament_install'
[0.378s] Level 1:colcon.colcon_core.package_identification:_identify(.) by extensions ['colcon_pkg']
[0.378s] Level 1:colcon.colcon_core.package_identification:_identify(.) by extension 'colcon_pkg'
[0.378s] Level 1:colcon.colcon_core.package_identification:_identify(.) by extensions ['colcon_meta']
[0.378s] Level 1:colcon.colcon_core.package_identification:_identify(.) by extension 'colcon_meta'
[0.378s] Level 1:colcon.colcon_core.package_identification:_identify(.) by extensions ['ros']
[0.378s] Level 1:colcon.colcon_core.package_identification:_identify(.) by extension 'ros'
[0.393s] DEBUG:colcon.colcon_core.package_identification:Package '.' with type 'ros.ament_cmake' and name 'khi2cpp_hw'
[0.393s] Level 1:colcon.colcon_core.package_discovery:discover_packages(recursive) using defaults
[0.393s] Level 1:colcon.colcon_core.package_discovery:discover_packages(ignore) discover
[0.393s] Level 1:colcon.colcon_core.package_discovery:discover_packages(ignore) using defaults
[0.393s] Level 1:colcon.colcon_core.package_discovery:discover_packages(path) discover
[0.393s] Level 1:colcon.colcon_core.package_discovery:discover_packages(path) using defaults
[0.414s] Level 1:colcon.colcon_core.package_discovery:discover_packages(prefix_path) check parameters
[0.414s] Level 1:colcon.colcon_core.package_discovery:discover_packages(prefix_path) discover
[0.415s] WARNING:colcon.colcon_ros.prefix_path.ament:The path '/home/jakob/ros2/khi_jdh/install/khi2cpp' in the environment variable AMENT_PREFIX_PATH doesn't exist
[0.416s] WARNING:colcon.colcon_ros.prefix_path.ament:The path '/home/jakob/ros2/khi_jdh/install/khi_robot_msgs' in the environment variable AMENT_PREFIX_PATH doesn't exist
[0.416s] WARNING:colcon.colcon_ros.prefix_path.ament:The path '/home/jakob/ros2/khi_jdh/install/khi2py' in the environment variable AMENT_PREFIX_PATH doesn't exist
[0.418s] WARNING:colcon.colcon_ros.prefix_path.catkin:The path '/home/jakob/ros2/khi_jdh/install/khi2cpp' in the environment variable CMAKE_PREFIX_PATH doesn't exist
[0.419s] WARNING:colcon.colcon_ros.prefix_path.catkin:The path '/home/jakob/ros2/khi_jdh/install/khi_robot_msgs' in the environment variable CMAKE_PREFIX_PATH doesn't exist
[0.420s] DEBUG:colcon.colcon_installed_package_information.package_discovery:Found 1 installed packages in /home/jakob/ros2/khi_jdh/src/khi2cpp_hw/install
[0.420s] DEBUG:colcon.colcon_installed_package_information.package_discovery:Found 2 installed packages in /home/jakob/ros2/khi_jdh/install
[0.422s] DEBUG:colcon.colcon_installed_package_information.package_discovery:Found 59 installed packages in /home/jakob/ros2_ws/install
[0.425s] DEBUG:colcon.colcon_installed_package_information.package_discovery:Found 328 installed packages in /opt/ros/humble
[0.438s] Level 1:colcon.colcon_core.package_discovery:discover_packages(prefix_path) using defaults
[0.489s] Level 5:colcon.colcon_core.verb:set package 'khi2cpp_hw' build argument 'cmake_args' from command line to 'None'
[0.489s] Level 5:colcon.colcon_core.verb:set package 'khi2cpp_hw' build argument 'cmake_target' from command line to 'None'
[0.490s] Level 5:colcon.colcon_core.verb:set package 'khi2cpp_hw' build argument 'cmake_target_skip_unavailable' from command line to 'False'
[0.490s] Level 5:colcon.colcon_core.verb:set package 'khi2cpp_hw' build argument 'cmake_clean_cache' from command line to 'False'
[0.490s] Level 5:colcon.colcon_core.verb:set package 'khi2cpp_hw' build argument 'cmake_clean_first' from command line to 'False'
[0.490s] Level 5:colcon.colcon_core.verb:set package 'khi2cpp_hw' build argument 'cmake_force_configure' from command line to 'False'
[0.490s] Level 5:colcon.colcon_core.verb:set package 'khi2cpp_hw' build argument 'ament_cmake_args' from command line to 'None'
[0.490s] Level 5:colcon.colcon_core.verb:set package 'khi2cpp_hw' build argument 'catkin_cmake_args' from command line to 'None'
[0.490s] Level 5:colcon.colcon_core.verb:set package 'khi2cpp_hw' build argument 'catkin_skip_building_tests' from command line to 'False'
[0.490s] DEBUG:colcon.colcon_core.verb:Building package 'khi2cpp_hw' with the following arguments: {'ament_cmake_args': None, 'build_base': '/home/jakob/ros2/khi_jdh/src/khi2cpp_hw/build/khi2cpp_hw', 'catkin_cmake_args': None, 'catkin_skip_building_tests': False, 'cmake_args': None, 'cmake_clean_cache': False, 'cmake_clean_first': False, 'cmake_force_configure': False, 'cmake_target': None, 'cmake_target_skip_unavailable': False, 'install_base': '/home/jakob/ros2/khi_jdh/src/khi2cpp_hw/install/khi2cpp_hw', 'merge_install': False, 'path': '/home/jakob/ros2/khi_jdh/src/khi2cpp_hw', 'symlink_install': False, 'test_result_base': None}
[0.490s] INFO:colcon.colcon_core.executor:Executing jobs using 'parallel' executor
[0.491s] DEBUG:colcon.colcon_parallel_executor.executor.parallel:run_until_complete
[0.492s] INFO:colcon.colcon_ros.task.ament_cmake.build:Building ROS package in '/home/jakob/ros2/khi_jdh/src/khi2cpp_hw' with build type 'ament_cmake'
[0.492s] INFO:colcon.colcon_cmake.task.cmake.build:Building CMake package in '/home/jakob/ros2/khi_jdh/src/khi2cpp_hw'
[0.495s] INFO:colcon.colcon_core.plugin_system:Skipping extension 'colcon_core.shell.bat': Not used on non-Windows systems
[0.495s] INFO:colcon.colcon_core.shell:Skip shell extension 'powershell' for command environment: Not usable outside of PowerShell
[0.495s] DEBUG:colcon.colcon_core.shell:Skip shell extension 'dsv' for command environment
[0.516s] DEBUG:colcon.colcon_core.event_handler.log_command:Invoking command in '/home/jakob/ros2/khi_jdh/src/khi2cpp_hw/build/khi2cpp_hw': CMAKE_PREFIX_PATH=${CMAKE_PREFIX_PATH}:/home/jakob/ros2/khi_jdh/install/khi2py:/home/jakob/ros2_ws/install/rqt_joint_trajectory_controller:/home/jakob/ros2_ws/install/rqt_controller_manager:/home/jakob/ros2_ws/install/ros2controlcli:/home/jakob/ros2_ws/install/ros2_controllers_test_nodes:/home/jakob/ros2_ws/install/ros2_control_demo_testing:/opt/ros/humble /usr/bin/cmake --build /home/jakob/ros2/khi_jdh/src/khi2cpp_hw/build/khi2cpp_hw -- -j4 -l4
[9.043s] DEBUG:colcon.colcon_core.event_handler.log_command:Invoked command in '/home/jakob/ros2/khi_jdh/src/khi2cpp_hw/build/khi2cpp_hw' returned '0': CMAKE_PREFIX_PATH=${CMAKE_PREFIX_PATH}:/home/jakob/ros2/khi_jdh/install/khi2py:/home/jakob/ros2_ws/install/rqt_joint_trajectory_controller:/home/jakob/ros2_ws/install/rqt_controller_manager:/home/jakob/ros2_ws/install/ros2controlcli:/home/jakob/ros2_ws/install/ros2_controllers_test_nodes:/home/jakob/ros2_ws/install/ros2_control_demo_testing:/opt/ros/humble /usr/bin/cmake --build /home/jakob/ros2/khi_jdh/src/khi2cpp_hw/build/khi2cpp_hw -- -j4 -l4
[9.164s] DEBUG:colcon.colcon_core.event_handler.log_command:Invoking command in '/home/jakob/ros2/khi_jdh/src/khi2cpp_hw/build/khi2cpp_hw': CMAKE_PREFIX_PATH=${CMAKE_PREFIX_PATH}:/home/jakob/ros2/khi_jdh/install/khi2py:/home/jakob/ros2_ws/install/rqt_joint_trajectory_controller:/home/jakob/ros2_ws/install/rqt_controller_manager:/home/jakob/ros2_ws/install/ros2controlcli:/home/jakob/ros2_ws/install/ros2_controllers_test_nodes:/home/jakob/ros2_ws/install/ros2_control_demo_testing:/opt/ros/humble /usr/bin/cmake --install /home/jakob/ros2/khi_jdh/src/khi2cpp_hw/build/khi2cpp_hw
[9.192s] Level 1:colcon.colcon_core.environment:create_environment_scripts_only(khi2cpp_hw)
[9.193s] DEBUG:colcon.colcon_core.event_handler.log_command:Invoked command in '/home/jakob/ros2/khi_jdh/src/khi2cpp_hw/build/khi2cpp_hw' returned '0': CMAKE_PREFIX_PATH=${CMAKE_PREFIX_PATH}:/home/jakob/ros2/khi_jdh/install/khi2py:/home/jakob/ros2_ws/install/rqt_joint_trajectory_controller:/home/jakob/ros2_ws/install/rqt_controller_manager:/home/jakob/ros2_ws/install/ros2controlcli:/home/jakob/ros2_ws/install/ros2_controllers_test_nodes:/home/jakob/ros2_ws/install/ros2_control_demo_testing:/opt/ros/humble /usr/bin/cmake --install /home/jakob/ros2/khi_jdh/src/khi2cpp_hw/build/khi2cpp_hw
[9.195s] Level 1:colcon.colcon_core.environment:checking '/home/jakob/ros2/khi_jdh/src/khi2cpp_hw/install/khi2cpp_hw' for CMake module files
[9.196s] Level 1:colcon.colcon_core.environment:checking '/home/jakob/ros2/khi_jdh/src/khi2cpp_hw/install/khi2cpp_hw' for CMake config files
[9.196s] Level 1:colcon.colcon_core.shell:create_environment_hook('khi2cpp_hw', 'cmake_prefix_path')
[9.196s] INFO:colcon.colcon_core.shell:Creating environment hook '/home/jakob/ros2/khi_jdh/src/khi2cpp_hw/install/khi2cpp_hw/share/khi2cpp_hw/hook/cmake_prefix_path.ps1'
[9.197s] INFO:colcon.colcon_core.shell:Creating environment descriptor '/home/jakob/ros2/khi_jdh/src/khi2cpp_hw/install/khi2cpp_hw/share/khi2cpp_hw/hook/cmake_prefix_path.dsv'
[9.197s] INFO:colcon.colcon_core.shell:Creating environment hook '/home/jakob/ros2/khi_jdh/src/khi2cpp_hw/install/khi2cpp_hw/share/khi2cpp_hw/hook/cmake_prefix_path.sh'
[9.198s] Level 1:colcon.colcon_core.environment:checking '/home/jakob/ros2/khi_jdh/src/khi2cpp_hw/install/khi2cpp_hw/lib'
[9.198s] Level 1:colcon.colcon_core.shell:create_environment_hook('khi2cpp_hw', 'ld_library_path_lib')
[9.199s] INFO:colcon.colcon_core.shell:Creating environment hook '/home/jakob/ros2/khi_jdh/src/khi2cpp_hw/install/khi2cpp_hw/share/khi2cpp_hw/hook/ld_library_path_lib.ps1'
[9.199s] INFO:colcon.colcon_core.shell:Creating environment descriptor '/home/jakob/ros2/khi_jdh/src/khi2cpp_hw/install/khi2cpp_hw/share/khi2cpp_hw/hook/ld_library_path_lib.dsv'
[9.200s] INFO:colcon.colcon_core.shell:Creating environment hook '/home/jakob/ros2/khi_jdh/src/khi2cpp_hw/install/khi2cpp_hw/share/khi2cpp_hw/hook/ld_library_path_lib.sh'
[9.200s] Level 1:colcon.colcon_core.environment:checking '/home/jakob/ros2/khi_jdh/src/khi2cpp_hw/install/khi2cpp_hw/bin'
[9.200s] Level 1:colcon.colcon_core.shell:create_environment_hook('khi2cpp_hw', 'path')
[9.200s] INFO:colcon.colcon_core.shell:Creating environment hook '/home/jakob/ros2/khi_jdh/src/khi2cpp_hw/install/khi2cpp_hw/share/khi2cpp_hw/hook/path.ps1'
[9.201s] INFO:colcon.colcon_core.shell:Creating environment descriptor '/home/jakob/ros2/khi_jdh/src/khi2cpp_hw/install/khi2cpp_hw/share/khi2cpp_hw/hook/path.dsv'
[9.201s] INFO:colcon.colcon_core.shell:Creating environment hook '/home/jakob/ros2/khi_jdh/src/khi2cpp_hw/install/khi2cpp_hw/share/khi2cpp_hw/hook/path.sh'
[9.201s] Level 1:colcon.colcon_core.environment:checking '/home/jakob/ros2/khi_jdh/src/khi2cpp_hw/install/khi2cpp_hw/lib/pkgconfig/khi2cpp_hw.pc'
[9.202s] Level 1:colcon.colcon_core.environment:checking '/home/jakob/ros2/khi_jdh/src/khi2cpp_hw/install/khi2cpp_hw/lib/python3.10/site-packages'
[9.202s] Level 1:colcon.colcon_core.environment:checking '/home/jakob/ros2/khi_jdh/src/khi2cpp_hw/install/khi2cpp_hw/bin'
[9.202s] Level 1:colcon.colcon_core.shell:create_environment_hook('khi2cpp_hw', 'pythonscriptspath')
[9.202s] INFO:colcon.colcon_core.shell:Creating environment hook '/home/jakob/ros2/khi_jdh/src/khi2cpp_hw/install/khi2cpp_hw/share/khi2cpp_hw/hook/pythonscriptspath.ps1'
[9.203s] INFO:colcon.colcon_core.shell:Creating environment descriptor '/home/jakob/ros2/khi_jdh/src/khi2cpp_hw/install/khi2cpp_hw/share/khi2cpp_hw/hook/pythonscriptspath.dsv'
[9.203s] INFO:colcon.colcon_core.shell:Creating environment hook '/home/jakob/ros2/khi_jdh/src/khi2cpp_hw/install/khi2cpp_hw/share/khi2cpp_hw/hook/pythonscriptspath.sh'
[9.204s] INFO:colcon.colcon_core.shell:Creating package script '/home/jakob/ros2/khi_jdh/src/khi2cpp_hw/install/khi2cpp_hw/share/khi2cpp_hw/package.ps1'
[9.204s] INFO:colcon.colcon_core.shell:Creating package descriptor '/home/jakob/ros2/khi_jdh/src/khi2cpp_hw/install/khi2cpp_hw/share/khi2cpp_hw/package.dsv'
[9.205s] INFO:colcon.colcon_core.shell:Creating package script '/home/jakob/ros2/khi_jdh/src/khi2cpp_hw/install/khi2cpp_hw/share/khi2cpp_hw/package.sh'
[9.206s] INFO:colcon.colcon_core.shell:Creating package script '/home/jakob/ros2/khi_jdh/src/khi2cpp_hw/install/khi2cpp_hw/share/khi2cpp_hw/package.bash'
[9.206s] INFO:colcon.colcon_core.shell:Creating package script '/home/jakob/ros2/khi_jdh/src/khi2cpp_hw/install/khi2cpp_hw/share/khi2cpp_hw/package.zsh'
[9.207s] Level 1:colcon.colcon_core.environment:create_file_with_runtime_dependencies(/home/jakob/ros2/khi_jdh/src/khi2cpp_hw/install/khi2cpp_hw/share/colcon-core/packages/khi2cpp_hw)
[9.308s] Level 1:colcon.colcon_core.environment:create_environment_scripts_only(khi2cpp_hw)
[9.309s] Level 1:colcon.colcon_core.environment:checking '/home/jakob/ros2/khi_jdh/src/khi2cpp_hw/install/khi2cpp_hw' for CMake module files
[9.310s] Level 1:colcon.colcon_core.environment:checking '/home/jakob/ros2/khi_jdh/src/khi2cpp_hw/install/khi2cpp_hw' for CMake config files
[9.310s] Level 1:colcon.colcon_core.shell:create_environment_hook('khi2cpp_hw', 'cmake_prefix_path')
[9.311s] INFO:colcon.colcon_core.shell:Creating environment hook '/home/jakob/ros2/khi_jdh/src/khi2cpp_hw/install/khi2cpp_hw/share/khi2cpp_hw/hook/cmake_prefix_path.ps1'
[9.312s] INFO:colcon.colcon_core.shell:Creating environment descriptor '/home/jakob/ros2/khi_jdh/src/khi2cpp_hw/install/khi2cpp_hw/share/khi2cpp_hw/hook/cmake_prefix_path.dsv'
[9.312s] INFO:colcon.colcon_core.shell:Creating environment hook '/home/jakob/ros2/khi_jdh/src/khi2cpp_hw/install/khi2cpp_hw/share/khi2cpp_hw/hook/cmake_prefix_path.sh'
[9.313s] Level 1:colcon.colcon_core.environment:checking '/home/jakob/ros2/khi_jdh/src/khi2cpp_hw/install/khi2cpp_hw/lib'
[9.313s] Level 1:colcon.colcon_core.shell:create_environment_hook('khi2cpp_hw', 'ld_library_path_lib')
[9.314s] INFO:colcon.colcon_core.shell:Creating environment hook '/home/jakob/ros2/khi_jdh/src/khi2cpp_hw/install/khi2cpp_hw/share/khi2cpp_hw/hook/ld_library_path_lib.ps1'
[9.314s] INFO:colcon.colcon_core.shell:Creating environment descriptor '/home/jakob/ros2/khi_jdh/src/khi2cpp_hw/install/khi2cpp_hw/share/khi2cpp_hw/hook/ld_library_path_lib.dsv'
[9.315s] INFO:colcon.colcon_core.shell:Creating environment hook '/home/jakob/ros2/khi_jdh/src/khi2cpp_hw/install/khi2cpp_hw/share/khi2cpp_hw/hook/ld_library_path_lib.sh'
[9.315s] Level 1:colcon.colcon_core.environment:checking '/home/jakob/ros2/khi_jdh/src/khi2cpp_hw/install/khi2cpp_hw/bin'
[9.316s] Level 1:colcon.colcon_core.shell:create_environment_hook('khi2cpp_hw', 'path')
[9.316s] INFO:colcon.colcon_core.shell:Creating environment hook '/home/jakob/ros2/khi_jdh/src/khi2cpp_hw/install/khi2cpp_hw/share/khi2cpp_hw/hook/path.ps1'
[9.317s] INFO:colcon.colcon_core.shell:Creating environment descriptor '/home/jakob/ros2/khi_jdh/src/khi2cpp_hw/install/khi2cpp_hw/share/khi2cpp_hw/hook/path.dsv'
[9.317s] INFO:colcon.colcon_core.shell:Creating environment hook '/home/jakob/ros2/khi_jdh/src/khi2cpp_hw/install/khi2cpp_hw/share/khi2cpp_hw/hook/path.sh'
[9.318s] Level 1:colcon.colcon_core.environment:checking '/home/jakob/ros2/khi_jdh/src/khi2cpp_hw/install/khi2cpp_hw/lib/pkgconfig/khi2cpp_hw.pc'
[9.318s] Level 1:colcon.colcon_core.environment:checking '/home/jakob/ros2/khi_jdh/src/khi2cpp_hw/install/khi2cpp_hw/lib/python3.10/site-packages'
[9.319s] Level 1:colcon.colcon_core.environment:checking '/home/jakob/ros2/khi_jdh/src/khi2cpp_hw/install/khi2cpp_hw/bin'
[9.319s] Level 1:colcon.colcon_core.shell:create_environment_hook('khi2cpp_hw', 'pythonscriptspath')
[9.320s] INFO:colcon.colcon_core.shell:Creating environment hook '/home/jakob/ros2/khi_jdh/src/khi2cpp_hw/install/khi2cpp_hw/share/khi2cpp_hw/hook/pythonscriptspath.ps1'
[9.320s] INFO:colcon.colcon_core.shell:Creating environment descriptor '/home/jakob/ros2/khi_jdh/src/khi2cpp_hw/install/khi2cpp_hw/share/khi2cpp_hw/hook/pythonscriptspath.dsv'
[9.321s] INFO:colcon.colcon_core.shell:Creating environment hook '/home/jakob/ros2/khi_jdh/src/khi2cpp_hw/install/khi2cpp_hw/share/khi2cpp_hw/hook/pythonscriptspath.sh'
[9.322s] INFO:colcon.colcon_core.shell:Creating package script '/home/jakob/ros2/khi_jdh/src/khi2cpp_hw/install/khi2cpp_hw/share/khi2cpp_hw/package.ps1'
[9.323s] INFO:colcon.colcon_core.shell:Creating package descriptor '/home/jakob/ros2/khi_jdh/src/khi2cpp_hw/install/khi2cpp_hw/share/khi2cpp_hw/package.dsv'
[9.325s] INFO:colcon.colcon_core.shell:Creating package script '/home/jakob/ros2/khi_jdh/src/khi2cpp_hw/install/khi2cpp_hw/share/khi2cpp_hw/package.sh'
[9.325s] INFO:colcon.colcon_core.shell:Creating package script '/home/jakob/ros2/khi_jdh/src/khi2cpp_hw/install/khi2cpp_hw/share/khi2cpp_hw/package.bash'
[9.326s] INFO:colcon.colcon_core.shell:Creating package script '/home/jakob/ros2/khi_jdh/src/khi2cpp_hw/install/khi2cpp_hw/share/khi2cpp_hw/package.zsh'
[9.327s] Level 1:colcon.colcon_core.environment:create_file_with_runtime_dependencies(/home/jakob/ros2/khi_jdh/src/khi2cpp_hw/install/khi2cpp_hw/share/colcon-core/packages/khi2cpp_hw)
[9.327s] DEBUG:colcon.colcon_parallel_executor.executor.parallel:closing loop
[9.327s] DEBUG:colcon.colcon_parallel_executor.executor.parallel:loop closed
[9.328s] DEBUG:colcon.colcon_parallel_executor.executor.parallel:run_until_complete finished with '0'
[9.328s] DEBUG:colcon.colcon_core.event_reactor:joining thread
[9.334s] INFO:colcon.colcon_core.plugin_system:Skipping extension 'colcon_notification.desktop_notification.terminal_notifier': Not used on non-Darwin systems
[9.334s] INFO:colcon.colcon_core.plugin_system:Skipping extension 'colcon_notification.desktop_notification.win32': Not used on non-Windows systems
[9.334s] INFO:colcon.colcon_notification.desktop_notification:Sending desktop notification using 'notify2'
[9.349s] DEBUG:colcon.colcon_core.event_reactor:joined thread
[9.349s] INFO:colcon.colcon_core.shell:Creating prefix script '/home/jakob/ros2/khi_jdh/src/khi2cpp_hw/install/local_setup.ps1'
[9.351s] INFO:colcon.colcon_core.shell:Creating prefix util module '/home/jakob/ros2/khi_jdh/src/khi2cpp_hw/install/_local_setup_util_ps1.py'
[9.354s] INFO:colcon.colcon_core.shell:Creating prefix chain script '/home/jakob/ros2/khi_jdh/src/khi2cpp_hw/install/setup.ps1'
[9.359s] INFO:colcon.colcon_core.shell:Creating prefix script '/home/jakob/ros2/khi_jdh/src/khi2cpp_hw/install/local_setup.sh'
[9.359s] INFO:colcon.colcon_core.shell:Creating prefix util module '/home/jakob/ros2/khi_jdh/src/khi2cpp_hw/install/_local_setup_util_sh.py'
[9.360s] INFO:colcon.colcon_core.shell:Creating prefix chain script '/home/jakob/ros2/khi_jdh/src/khi2cpp_hw/install/setup.sh'
[9.364s] INFO:colcon.colcon_core.shell:Creating prefix script '/home/jakob/ros2/khi_jdh/src/khi2cpp_hw/install/local_setup.bash'
[9.365s] INFO:colcon.colcon_core.shell:Creating prefix chain script '/home/jakob/ros2/khi_jdh/src/khi2cpp_hw/install/setup.bash'
[9.372s] INFO:colcon.colcon_core.shell:Creating prefix script '/home/jakob/ros2/khi_jdh/src/khi2cpp_hw/install/local_setup.zsh'
[9.373s] INFO:colcon.colcon_core.shell:Creating prefix chain script '/home/jakob/ros2/khi_jdh/src/khi2cpp_hw/install/setup.zsh'
